2020/11/09 10:26:16 INFO  - jmeter.util.JMeterUtils: Setting Locale to en_US 
2020/11/09 10:26:16 INFO  - jmeter.protocol.http.sampler.HTTPSamplerBase: Parser for text/html is org.apache.jmeter.protocol.http.parser.LagartoBasedHtmlParser 
2020/11/09 10:26:16 INFO  - jmeter.protocol.http.sampler.HTTPSamplerBase: Parser for application/xhtml+xml is org.apache.jmeter.protocol.http.parser.LagartoBasedHtmlParser 
2020/11/09 10:26:16 INFO  - jmeter.protocol.http.sampler.HTTPSamplerBase: Parser for application/xml is org.apache.jmeter.protocol.http.parser.LagartoBasedHtmlParser 
2020/11/09 10:26:16 INFO  - jmeter.protocol.http.sampler.HTTPSamplerBase: Parser for text/xml is org.apache.jmeter.protocol.http.parser.LagartoBasedHtmlParser 
2020/11/09 10:26:16 INFO  - jmeter.protocol.http.sampler.HTTPSamplerBase: Parser for text/vnd.wap.wml is org.apache.jmeter.protocol.http.parser.RegexpHTMLParser 
2020/11/09 10:26:16 INFO  - jmeter.protocol.http.sampler.HTTPSamplerBase: Parser for text/css is org.apache.jmeter.protocol.http.parser.CssParser 
2020/11/09 10:26:17 INFO  - jmeter.save.SaveService: Testplan (JMX) version: 2.2. Testlog (JTL) version: 2.2 
2020/11/09 10:26:17 INFO  - jmeter.save.SaveService: Using SaveService properties file encoding UTF-8 
2020/11/09 10:26:17 INFO  - jmeter.save.SaveService: Using SaveService properties version 5.0 
2020/11/09 10:26:17 WARN  - jmeter.save.SaveService: Bad _version - expected 2.6, found 5.0. 
2020/11/09 10:26:17 INFO  - jmeter.save.SaveService: All converter versions present and correct 
2020/11/09 10:26:17 INFO  - jmeter.engine.StandardJMeterEngine: Running the test! 
2020/11/09 10:26:17 INFO  - jmeter.samplers.SampleEvent: List of sample_variables: [] 
2020/11/09 10:26:17 INFO  - jmeter.samplers.SampleEvent: List of sample_variables: [] 
2020/11/09 10:26:17 INFO  - jmeter.engine.util.CompoundVariable: Note: Function class names must contain the string: '.functions.' 
2020/11/09 10:26:17 INFO  - jmeter.engine.util.CompoundVariable: Note: Function class names must not contain the string: '.gui.' 
2020/11/09 10:26:17 WARN  - jmeter.engine.util.CompoundVariable: Did not find any functions 
2020/11/09 10:26:17 INFO  - jmeter.services.FileServer: Default base='C:\Users\yasmittal\Documents\Jmeter\jmeter-from-code\target' 
2020/11/09 10:26:17 INFO  - jmeter.engine.StandardJMeterEngine: Starting ThreadGroup: 1 : Example Thread Group 
2020/11/09 10:26:17 INFO  - jmeter.engine.StandardJMeterEngine: Starting 1 threads for group Example Thread Group. 
2020/11/09 10:26:17 INFO  - jmeter.engine.StandardJMeterEngine: Thread will continue on error 
2020/11/09 10:26:17 INFO  - jmeter.threads.ThreadGroup: Starting thread group number 1 threads 1 ramp-up 1 perThread 1000.0 delayedStart=false 
2020/11/09 10:26:17 INFO  - jmeter.threads.JMeterThread: jmeterthread.startearlier=true (see jmeter.properties) 
2020/11/09 10:26:17 INFO  - jmeter.threads.JMeterThread: Running PostProcessors in forward order 
2020/11/09 10:26:17 INFO  - jmeter.threads.ThreadGroup: Started thread group number 1 
2020/11/09 10:26:17 INFO  - jmeter.engine.StandardJMeterEngine: All thread groups have been started 
2020/11/09 10:26:17 INFO  - jmeter.threads.JMeterThread: Thread started: Example Thread Group 1-1 
2020/11/09 10:26:17 INFO  - jmeter.protocol.http.sampler.HTTPHCAbstractImpl: Local host = USMECYASMITTAL1 
2020/11/09 10:26:17 INFO  - jmeter.protocol.http.sampler.HTTPHC4Impl: HTTP request retry count = 1 
2020/11/09 10:26:17 INFO  - jmeter.protocol.http.sampler.HTTPHC4Impl: Setting up HTTPS TrustAll scheme 
2020/11/09 10:26:17 INFO  - jmeter.util.HttpSSLProtocolSocketFactory: Using protocol list: TLSv1 TLSv1.2 
2020/11/09 10:26:17 INFO  - jmeter.util.JsseSSLManager: Using default SSL protocol: TLS 
2020/11/09 10:26:17 INFO  - jmeter.util.JsseSSLManager: SSL session context: shared 
2020/11/09 10:26:17 INFO  - jmeter.util.SSLManager: JmeterKeyStore Location:  type JKS 
2020/11/09 10:26:17 INFO  - jmeter.util.SSLManager: KeyStore created OK 
2020/11/09 10:26:17 WARN  - jmeter.util.SSLManager: Keystore file not found, loading empty keystore 
2020/11/09 10:26:18 INFO  - jmeter.samplers.SampleResult: Note: Sample TimeStamps are START times 
2020/11/09 10:26:18 INFO  - jmeter.samplers.SampleResult: sampleresult.default.encoding is set to ISO-8859-1 
2020/11/09 10:26:18 INFO  - jmeter.samplers.SampleResult: sampleresult.useNanoTime=true 
2020/11/09 10:26:18 INFO  - jmeter.samplers.SampleResult: sampleresult.nanoThreadSleep=5000 
2020/11/09 10:26:19 INFO  - jmeter.threads.JMeterThread: Thread finished: Example Thread Group 1-1 
2020/11/09 10:26:19 INFO  - jmeter.engine.StandardJMeterEngine: Notifying test listeners of end of test 
2020/11/09 10:26:19 INFO  - jmeter.reporters.Summariser: summary =      2 in     1s =    3.7/s Avg:   263 Min:   209 Max:   318 Err:     0 (0.00%) 
